
The following files have been resolved:
   org.springframework.boot:spring-boot-starter-data-jpa:jar:2.2.4.RELEASE:compile
   org.springframework.boot:spring-boot-starter-aop:jar:2.2.4.RELEASE:compile
   org.springframework:spring-aop:jar:5.2.3.RELEASE:compile
   org.aspectj:aspectjweaver:jar:1.9.5:compile
   org.springframework.boot:spring-boot-starter-jdbc:jar:2.2.4.RELEASE:compile
   com.zaxxer:HikariCP:jar:3.4.2:compile
   org.springframework:spring-jdbc:jar:5.2.3.RELEASE:compile
   jakarta.activation:jakarta.activation-api:jar:1.2.1:compile
   jakarta.persistence:jakarta.persistence-api:jar:2.2.3:compile
   jakarta.transaction:jakarta.transaction-api:jar:1.3.3:compile
   org.hibernate:hibernate-core:jar:5.4.10.Final:compile
   org.jboss.logging:jboss-logging:jar:3.4.1.Final:compile
   org.javassist:javassist:jar:3.24.0-GA:compile
   net.bytebuddy:byte-buddy:jar:1.10.6:compile
   antlr:antlr:jar:2.7.7:compile
   org.jboss:jandex:jar:2.1.1.Final:compile
   com.fasterxml:classmate:jar:1.5.1:compile
   org.dom4j:dom4j:jar:2.1.1:compile
   org.hibernate.common:hibernate-commons-annotations:jar:5.1.0.Final:compile
   org.glassfish.jaxb:jaxb-runtime:jar:2.3.2:compile
   org.glassfish.jaxb:txw2:jar:2.3.2:compile
   com.sun.istack:istack-commons-runtime:jar:3.0.8:compile
   org.jvnet.staxex:stax-ex:jar:1.8.1:compile
   com.sun.xml.fastinfoset:FastInfoset:jar:1.2.16:compile
   org.springframework.data:spring-data-jpa:jar:2.2.4.RELEASE:compile
   org.springframework.data:spring-data-commons:jar:2.2.4.RELEASE:compile
   org.springframework:spring-orm:jar:5.2.3.RELEASE:compile
   org.springframework:spring-context:jar:5.2.3.RELEASE:compile
   org.springframework:spring-tx:jar:5.2.3.RELEASE:compile
   org.springframework:spring-beans:jar:5.2.3.RELEASE:compile
   org.slf4j:slf4j-api:jar:1.7.30:compile
   org.springframework:spring-aspects:jar:5.2.3.RELEASE:compile
   org.springframework.boot:spring-boot-starter-web:jar:2.2.4.RELEASE:compile
   org.springframework.boot:spring-boot-starter:jar:2.2.4.RELEASE:compile
   org.springframework.boot:spring-boot:jar:2.2.4.RELEASE:compile
   org.springframework.boot:spring-boot-autoconfigure:jar:2.2.4.RELEASE:compile
   org.springframework.boot:spring-boot-starter-logging:jar:2.2.4.RELEASE:compile
   ch.qos.logback:logback-classic:jar:1.2.3:compile
   ch.qos.logback:logback-core:jar:1.2.3:compile
   org.apache.logging.log4j:log4j-to-slf4j:jar:2.12.1:compile
   org.apache.logging.log4j:log4j-api:jar:2.12.1:compile
   org.slf4j:jul-to-slf4j:jar:1.7.30:compile
   jakarta.annotation:jakarta.annotation-api:jar:1.3.5:compile
   org.yaml:snakeyaml:jar:1.25:runtime
   org.springframework.boot:spring-boot-starter-json:jar:2.2.4.RELEASE:compile
   com.fasterxml.jackson.core:jackson-databind:jar:2.10.2:compile
   com.fasterxml.jackson.core:jackson-annotations:jar:2.10.2:compile
   com.fasterxml.jackson.core:jackson-core:jar:2.10.2:compile
   com.fasterxml.jackson.datatype:jackson-datatype-jdk8:jar:2.10.2:compile
   com.fasterxml.jackson.datatype:jackson-datatype-jsr310:jar:2.10.2:compile
   com.fasterxml.jackson.module:jackson-module-parameter-names:jar:2.10.2:compile
   org.springframework.boot:spring-boot-starter-tomcat:jar:2.2.4.RELEASE:compile
   org.apache.tomcat.embed:tomcat-embed-core:jar:9.0.30:compile
   org.apache.tomcat.embed:tomcat-embed-el:jar:9.0.30:compile
   org.apache.tomcat.embed:tomcat-embed-websocket:jar:9.0.30:compile
   org.springframework.boot:spring-boot-starter-validation:jar:2.2.4.RELEASE:compile
   jakarta.validation:jakarta.validation-api:jar:2.0.2:compile
   org.hibernate.validator:hibernate-validator:jar:6.0.18.Final:compile
   org.springframework:spring-web:jar:5.2.3.RELEASE:compile
   org.springframework:spring-webmvc:jar:5.2.3.RELEASE:compile
   org.springframework:spring-expression:jar:5.2.3.RELEASE:compile
   mysql:mysql-connector-java:jar:8.0.19:runtime
   org.projectlombok:lombok:jar:1.18.10:compile (optional) 
   org.springframework.boot:spring-boot-starter-webflux:jar:2.2.4.RELEASE:compile
   org.springframework.boot:spring-boot-starter-reactor-netty:jar:2.2.4.RELEASE:compile
   io.projectreactor.netty:reactor-netty:jar:0.9.4.RELEASE:compile
   io.netty:netty-codec-http:jar:4.1.45.Final:compile
   io.netty:netty-common:jar:4.1.45.Final:compile
   io.netty:netty-buffer:jar:4.1.45.Final:compile
   io.netty:netty-transport:jar:4.1.45.Final:compile
   io.netty:netty-resolver:jar:4.1.45.Final:compile
   io.netty:netty-codec:jar:4.1.45.Final:compile
   io.netty:netty-codec-http2:jar:4.1.45.Final:compile
   io.netty:netty-handler:jar:4.1.45.Final:compile
   io.netty:netty-handler-proxy:jar:4.1.45.Final:compile
   io.netty:netty-codec-socks:jar:4.1.45.Final:compile
   io.netty:netty-transport-native-epoll:jar:linux-x86_64:4.1.45.Final:compile
   io.netty:netty-transport-native-unix-common:jar:4.1.45.Final:compile
   org.glassfish:jakarta.el:jar:3.0.3:compile
   org.springframework:spring-webflux:jar:5.2.3.RELEASE:compile
   io.projectreactor:reactor-core:jar:3.3.2.RELEASE:compile
   org.reactivestreams:reactive-streams:jar:1.0.3:compile
   org.synchronoss.cloud:nio-multipart-parser:jar:1.1.0:compile
   org.synchronoss.cloud:nio-stream-storage:jar:1.1.3:compile
   org.springframework.boot:spring-boot-starter-test:jar:2.2.4.RELEASE:test
   org.springframework.boot:spring-boot-test:jar:2.2.4.RELEASE:test
   org.springframework.boot:spring-boot-test-autoconfigure:jar:2.2.4.RELEASE:test
   com.jayway.jsonpath:json-path:jar:2.4.0:test
   net.minidev:json-smart:jar:2.3:test
   net.minidev:accessors-smart:jar:1.2:test
   jakarta.xml.bind:jakarta.xml.bind-api:jar:2.3.2:compile
   org.junit.jupiter:junit-jupiter:jar:5.5.2:test
   org.junit.jupiter:junit-jupiter-api:jar:5.5.2:test
   org.apiguardian:apiguardian-api:jar:1.1.0:test
   org.opentest4j:opentest4j:jar:1.2.0:test
   org.junit.platform:junit-platform-commons:jar:1.5.2:test
   org.junit.jupiter:junit-jupiter-params:jar:5.5.2:test
   org.junit.jupiter:junit-jupiter-engine:jar:5.5.2:test
   org.junit.platform:junit-platform-engine:jar:1.5.2:test
   org.mockito:mockito-junit-jupiter:jar:3.1.0:test
   org.assertj:assertj-core:jar:3.13.2:test
   org.hamcrest:hamcrest:jar:2.1:test
   org.mockito:mockito-core:jar:3.1.0:test
   net.bytebuddy:byte-buddy-agent:jar:1.10.6:test
   org.objenesis:objenesis:jar:2.6:test
   org.skyscreamer:jsonassert:jar:1.5.0:test
   com.vaadin.external.google:android-json:jar:0.0.20131108.vaadin1:test
   org.springframework:spring-core:jar:5.2.3.RELEASE:compile
   org.springframework:spring-jcl:jar:5.2.3.RELEASE:compile
   org.springframework:spring-test:jar:5.2.3.RELEASE:test
   org.xmlunit:xmlunit-core:jar:2.6.3:test
   org.apache.maven.plugins:maven-compiler-plugin:jar:3.8.1:compile
   org.apache.maven:maven-plugin-api:jar:3.0:compile
   org.apache.maven:maven-model:jar:3.0:compile
   org.sonatype.sisu:sisu-inject-plexus:jar:1.4.2:compile
   org.sonatype.sisu:sisu-inject-bean:jar:1.4.2:compile
   org.sonatype.sisu:sisu-guice:jar:noaop:2.1.7:compile
   org.apache.maven:maven-artifact:jar:3.0:compile
   org.codehaus.plexus:plexus-utils:jar:2.0.4:compile
   org.apache.maven:maven-core:jar:3.0:compile
   org.apache.maven:maven-settings:jar:3.0:compile
   org.apache.maven:maven-settings-builder:jar:3.0:compile
   org.apache.maven:maven-repository-metadata:jar:3.0:compile
   org.apache.maven:maven-model-builder:jar:3.0:compile
   org.apache.maven:maven-aether-provider:jar:3.0:runtime
   org.sonatype.aether:aether-impl:jar:1.7:compile
   org.sonatype.aether:aether-spi:jar:1.7:compile
   org.sonatype.aether:aether-api:jar:1.7:compile
   org.sonatype.aether:aether-util:jar:1.7:compile
   org.codehaus.plexus:plexus-interpolation:jar:1.14:compile
   org.codehaus.plexus:plexus-classworlds:jar:2.2.3:compile
   org.codehaus.plexus:plexus-component-annotations:jar:1.5.5:compile
   org.sonatype.plexus:plexus-sec-dispatcher:jar:1.3:compile
   org.sonatype.plexus:plexus-cipher:jar:1.4:compile
   org.apache.maven.shared:maven-shared-utils:jar:3.2.1:compile
   commons-io:commons-io:jar:2.5:compile
   org.apache.maven.shared:maven-shared-incremental:jar:1.1:compile
   org.codehaus.plexus:plexus-java:jar:0.9.10:compile
   org.ow2.asm:asm:jar:6.2:compile
   com.thoughtworks.qdox:qdox:jar:2.0-M8:compile
   org.codehaus.plexus:plexus-compiler-api:jar:2.8.4:compile
   org.codehaus.plexus:plexus-compiler-manager:jar:2.8.4:compile
   org.codehaus.plexus:plexus-compiler-javac:jar:2.8.4:runtime
   org.jsoup:jsoup:jar:1.10.2:compile

